<?xml version="1.0" encoding="UTF-8"?>
<testng-results ignored="0" total="1" passed="1" failed="0" skipped="0">
  <reporter-output>
  </reporter-output>
  <suite started-at="2022-05-09T14:55:01 CLT" name="Default suite" finished-at="2022-05-09T14:55:03 CLT" duration-ms="2388">
    <groups>
    </groups>
    <test started-at="2022-05-09T14:55:01 CLT" name="Default test" finished-at="2022-05-09T14:55:03 CLT" duration-ms="2388">
      <class name="Test.TestPatchEditUser">
        <test-method signature="test_Patch01()[pri:0, instance:Test.TestPatchEditUser@3c130745]" started-at="2022-05-09T14:55:01 CLT" name="test_Patch01" finished-at="2022-05-09T14:55:03 CLT" duration-ms="2356" status="PASS">
          <reporter-output>
          </reporter-output>
        </test-method> <!-- test_Patch01 -->
      </class> <!-- Test.TestPatchEditUser -->
    </test> <!-- Default test -->
  </suite> <!-- Default suite -->
</testng-results>
